<?xml version="1.0" encoding="UTF-8"?>
<coverage generated="1619144461000" clover="3.2.0">
  <project timestamp="1619144461000" name="All files">
    <metrics statements="101" coveredstatements="91" conditionals="34" coveredconditionals="24" methods="18" coveredmethods="18" elements="153" coveredelements="133" complexity="0" loc="101" ncloc="101" packages="6" files="6" classes="6"/>
    <package name="app">
      <metrics statements="20" coveredstatements="20" conditionals="2" coveredconditionals="2" methods="0" coveredmethods="0"/>
      <file name="index.ts" path="C:\for_poogi_pooni\react-typescript\react-unit-test\auth\backend\src\app\index.ts">
        <metrics statements="20" coveredstatements="20" conditionals="2" coveredconditionals="2" methods="0" coveredmethods="0"/>
        <line num="1" count="1" type="stmt"/>
        <line num="2" count="1" type="stmt"/>
        <line num="3" count="1" type="stmt"/>
        <line num="4" count="1" type="stmt"/>
        <line num="5" count="1" type="stmt"/>
        <line num="7" count="1" type="stmt"/>
        <line num="8" count="1" type="stmt"/>
        <line num="10" count="1" type="stmt"/>
        <line num="12" count="1" type="stmt"/>
        <line num="15" count="1" type="stmt"/>
        <line num="16" count="1" type="stmt"/>
        <line num="18" count="1" type="stmt"/>
        <line num="19" count="1" type="stmt"/>
        <line num="20" count="1" type="stmt"/>
        <line num="25" count="1" type="stmt"/>
        <line num="27" count="1" type="cond" truecount="2" falsecount="0"/>
        <line num="28" count="1" type="stmt"/>
        <line num="29" count="1" type="stmt"/>
        <line num="30" count="1" type="stmt"/>
        <line num="32" count="1" type="stmt"/>
      </file>
    </package>
    <package name="app.config">
      <metrics statements="2" coveredstatements="2" conditionals="2" coveredconditionals="2" methods="1" coveredmethods="1"/>
      <file name="config.ts" path="C:\for_poogi_pooni\react-typescript\react-unit-test\auth\backend\src\app\config\config.ts">
        <metrics statements="2" coveredstatements="2" conditionals="2" coveredconditionals="2" methods="1" coveredmethods="1"/>
        <line num="1" count="1" type="cond" truecount="2" falsecount="0"/>
        <line num="2" count="1" type="stmt"/>
      </file>
    </package>
    <package name="app.controllers">
      <metrics statements="22" coveredstatements="18" conditionals="12" coveredconditionals="8" methods="5" coveredmethods="5"/>
      <file name="index.ts" path="C:\for_poogi_pooni\react-typescript\react-unit-test\auth\backend\src\app\controllers\index.ts">
        <metrics statements="22" coveredstatements="18" conditionals="12" coveredconditionals="8" methods="5" coveredmethods="5"/>
        <line num="1" count="1" type="stmt"/>
        <line num="5" count="1" type="stmt"/>
        <line num="6" count="1" type="stmt"/>
        <line num="9" count="3" type="stmt"/>
        <line num="17" count="1" type="stmt"/>
        <line num="18" count="4" type="stmt"/>
        <line num="20" count="4" type="cond" truecount="3" falsecount="1"/>
        <line num="21" count="0" type="stmt"/>
        <line num="24" count="4" type="stmt"/>
        <line num="25" count="4" type="cond" truecount="1" falsecount="1"/>
        <line num="26" count="0" type="stmt"/>
        <line num="29" count="4" type="cond" truecount="2" falsecount="0"/>
        <line num="31" count="2" type="stmt"/>
        <line num="34" count="2" type="stmt"/>
        <line num="39" count="2" type="stmt"/>
        <line num="40" count="2" type="cond" truecount="1" falsecount="1"/>
        <line num="41" count="0" type="stmt"/>
        <line num="43" count="2" type="stmt"/>
        <line num="48" count="1" type="stmt"/>
        <line num="49" count="1" type="cond" truecount="1" falsecount="1"/>
        <line num="50" count="1" type="stmt"/>
        <line num="52" count="0" type="stmt"/>
      </file>
    </package>
    <package name="app.models">
      <metrics statements="20" coveredstatements="17" conditionals="6" coveredconditionals="3" methods="5" coveredmethods="5"/>
      <file name="index.ts" path="C:\for_poogi_pooni\react-typescript\react-unit-test\auth\backend\src\app\models\index.ts">
        <metrics statements="20" coveredstatements="17" conditionals="6" coveredconditionals="3" methods="5" coveredmethods="5"/>
        <line num="1" count="1" type="stmt"/>
        <line num="2" count="1" type="stmt"/>
        <line num="12" count="1" type="stmt"/>
        <line num="22" count="1" type="stmt"/>
        <line num="23" count="2" type="stmt"/>
        <line num="26" count="2" type="stmt"/>
        <line num="27" count="2" type="cond" truecount="1" falsecount="1"/>
        <line num="28" count="0" type="stmt"/>
        <line num="32" count="2" type="stmt"/>
        <line num="33" count="2" type="cond" truecount="1" falsecount="1"/>
        <line num="34" count="0" type="stmt"/>
        <line num="37" count="2" type="stmt"/>
        <line num="38" count="2" type="stmt"/>
        <line num="44" count="1" type="stmt"/>
        <line num="49" count="2" type="stmt"/>
        <line num="50" count="2" type="cond" truecount="1" falsecount="1"/>
        <line num="51" count="0" type="stmt"/>
        <line num="54" count="2" type="stmt"/>
        <line num="59" count="1" type="stmt"/>
        <line num="62" count="1" type="stmt"/>
      </file>
    </package>
    <package name="app.router">
      <metrics statements="10" coveredstatements="10" conditionals="0" coveredconditionals="0" methods="2" coveredmethods="2"/>
      <file name="index.ts" path="C:\for_poogi_pooni\react-typescript\react-unit-test\auth\backend\src\app\router\index.ts">
        <metrics statements="10" coveredstatements="10" conditionals="0" coveredconditionals="0" methods="2" coveredmethods="2"/>
        <line num="2" count="1" type="stmt"/>
        <line num="3" count="1" type="stmt"/>
        <line num="6" count="1" type="stmt"/>
        <line num="7" count="1" type="stmt"/>
        <line num="9" count="1" type="stmt"/>
        <line num="11" count="1" type="stmt"/>
        <line num="12" count="1" type="stmt"/>
        <line num="15" count="1" type="stmt"/>
        <line num="16" count="1" type="stmt"/>
        <line num="19" count="1" type="stmt"/>
      </file>
    </package>
    <package name="app.services">
      <metrics statements="27" coveredstatements="24" conditionals="12" coveredconditionals="9" methods="5" coveredmethods="5"/>
      <file name="passport.ts" path="C:\for_poogi_pooni\react-typescript\react-unit-test\auth\backend\src\app\services\passport.ts">
        <metrics statements="27" coveredstatements="24" conditionals="12" coveredconditionals="9" methods="5" coveredmethods="5"/>
        <line num="1" count="1" type="stmt"/>
        <line num="2" count="1" type="stmt"/>
        <line num="3" count="1" type="stmt"/>
        <line num="4" count="1" type="stmt"/>
        <line num="6" count="1" type="stmt"/>
        <line num="15" count="1" type="stmt"/>
        <line num="19" count="3" type="stmt"/>
        <line num="20" count="3" type="cond" truecount="1" falsecount="1"/>
        <line num="21" count="0" type="stmt"/>
        <line num="24" count="3" type="cond" truecount="2" falsecount="0"/>
        <line num="26" count="1" type="stmt"/>
        <line num="29" count="2" type="stmt"/>
        <line num="30" count="2" type="cond" truecount="1" falsecount="1"/>
        <line num="31" count="0" type="stmt"/>
        <line num="34" count="2" type="cond" truecount="2" falsecount="0"/>
        <line num="35" count="1" type="stmt"/>
        <line num="38" count="1" type="stmt"/>
        <line num="45" count="1" type="stmt"/>
        <line num="54" count="1" type="stmt"/>
        <line num="55" count="2" type="stmt"/>
        <line num="56" count="2" type="cond" truecount="1" falsecount="1"/>
        <line num="57" count="0" type="stmt"/>
        <line num="60" count="2" type="cond" truecount="2" falsecount="0"/>
        <line num="62" count="1" type="stmt"/>
        <line num="65" count="1" type="stmt"/>
        <line num="70" count="1" type="stmt"/>
        <line num="71" count="1" type="stmt"/>
      </file>
    </package>
  </project>
</coverage>
