{"C:\\for_poogi_pooni\\react-typescript\\react-unit-test\\auth\\backend\\src\\app\\index.ts": {"path":"C:\\for_poogi_pooni\\react-typescript\\react-unit-test\\auth\\backend\\src\\app\\index.ts","statementMap":{"0":{"start":{"line":1,"column":0},"end":{"line":1,"column":30}},"1":{"start":{"line":2,"column":0},"end":{"line":2,"column":24}},"2":{"start":{"line":3,"column":0},"end":{"line":3,"column":37}},"3":{"start":{"line":4,"column":0},"end":{"line":4,"column":28}},"4":{"start":{"line":5,"column":0},"end":{"line":5,"column":32}},"5":{"start":{"line":7,"column":0},"end":{"line":7,"column":29}},"6":{"start":{"line":8,"column":0},"end":{"line":8,"column":30}},"7":{"start":{"line":10,"column":12},"end":{"line":10,"column":21}},"8":{"start":{"line":32,"column":9},"end":{"line":32,"column":12}},"9":{"start":{"line":12,"column":17},"end":{"line":12,"column":113}},"10":{"start":{"line":15,"column":0},"end":{"line":15,"column":28}},"11":{"start":{"line":16,"column":0},"end":{"line":16,"column":42}},"12":{"start":{"line":18,"column":0},"end":{"line":18,"column":40}},"13":{"start":{"line":19,"column":0},"end":{"line":19,"column":37}},"14":{"start":{"line":20,"column":0},"end":{"line":23,"column":3}},"15":{"start":{"line":25,"column":0},"end":{"line":25,"column":12}},"16":{"start":{"line":27,"column":13},"end":{"line":27,"column":37}},"17":{"start":{"line":28,"column":15},"end":{"line":28,"column":37}},"18":{"start":{"line":29,"column":0},"end":{"line":29,"column":20}},"19":{"start":{"line":30,"column":0},"end":{"line":30,"column":43}}},"fnMap":{},"branchMap":{"0":{"loc":{"start":{"line":27,"column":13},"end":{"line":27,"column":29}},"type":"binary-expr","locations":[{"start":{"line":27,"column":13},"end":{"line":27,"column":29}},{"start":{"line":27,"column":33},"end":{"line":27,"column":37}}]}},"s":{"0":1,"1":1,"2":1,"3":1,"4":1,"5":1,"6":1,"7":1,"8":1,"9":1,"10":1,"11":1,"12":1,"13":1,"14":1,"15":1,"16":1,"17":1,"18":1,"19":1},"f":{},"b":{"0":[1,1]}}
}
