TN:
SF:src\app\index.ts
FNF:0
FNH:0
DA:1,1
DA:2,1
DA:3,1
DA:4,1
DA:5,1
DA:7,1
DA:8,1
DA:10,1
DA:12,1
DA:15,1
DA:16,1
DA:18,1
DA:19,1
DA:20,1
DA:25,1
DA:27,1
DA:28,1
DA:29,1
DA:30,1
DA:32,1
LF:20
LH:20
BRDA:27,0,0,1
BRDA:27,0,1,1
BRF:2
BRH:2
end_of_record
TN:
SF:src\app\config\config.ts
FN:1,(anonymous_0)
FNF:1
FNH:1
FNDA:1,(anonymous_0)
DA:1,1
DA:2,1
LF:2
LH:2
BRDA:1,0,0,1
BRDA:1,0,1,1
BRF:2
BRH:2
end_of_record
TN:
SF:src\app\controllers\index.ts
FN:8,tokenForUser
FN:17,(anonymous_2)
FN:24,(anonymous_3)
FN:39,(anonymous_4)
FN:48,(anonymous_5)
FNF:5
FNH:5
FNDA:3,tokenForUser
FNDA:4,(anonymous_2)
FNDA:4,(anonymous_3)
FNDA:2,(anonymous_4)
FNDA:1,(anonymous_5)
DA:1,1
DA:5,1
DA:6,1
DA:9,3
DA:17,1
DA:18,4
DA:20,4
DA:21,0
DA:24,4
DA:25,4
DA:26,0
DA:29,4
DA:31,2
DA:34,2
DA:39,2
DA:40,2
DA:41,0
DA:43,2
DA:48,1
DA:49,1
DA:50,1
DA:52,0
LF:22
LH:18
BRDA:20,0,0,0
BRDA:20,0,1,4
BRDA:20,1,0,4
BRDA:20,1,1,4
BRDA:25,2,0,0
BRDA:25,2,1,4
BRDA:29,3,0,2
BRDA:29,3,1,2
BRDA:40,4,0,0
BRDA:40,4,1,2
BRDA:49,5,0,1
BRDA:49,5,1,0
BRF:12
BRH:8
end_of_record
TN:
SF:src\app\models\index.ts
FN:22,(anonymous_7)
FN:26,(anonymous_8)
FN:32,(anonymous_9)
FN:44,(anonymous_10)
FN:49,(anonymous_11)
FNF:5
FNH:5
FNDA:2,(anonymous_7)
FNDA:2,(anonymous_8)
FNDA:2,(anonymous_9)
FNDA:2,(anonymous_10)
FNDA:2,(anonymous_11)
DA:1,1
DA:2,1
DA:12,1
DA:22,1
DA:23,2
DA:26,2
DA:27,2
DA:28,0
DA:32,2
DA:33,2
DA:34,0
DA:37,2
DA:38,2
DA:44,1
DA:49,2
DA:50,2
DA:51,0
DA:54,2
DA:59,1
DA:62,1
LF:20
LH:17
BRDA:27,0,0,0
BRDA:27,0,1,2
BRDA:33,1,0,0
BRDA:33,1,1,2
BRDA:50,2,0,0
BRDA:50,2,1,2
BRF:6
BRH:3
end_of_record
TN:
SF:src\app\router\index.ts
FN:9,(anonymous_1)
FN:11,(anonymous_2)
FNF:2
FNH:2
FNDA:1,(anonymous_1)
FNDA:1,(anonymous_2)
DA:2,1
DA:3,1
DA:6,1
DA:7,1
DA:9,1
DA:11,1
DA:12,1
DA:15,1
DA:16,1
DA:19,1
LF:10
LH:10
BRF:0
BRH:0
end_of_record
TN:
SF:src\app\services\passport.ts
FN:17,(anonymous_1)
FN:19,(anonymous_2)
FN:29,(anonymous_3)
FN:54,(anonymous_4)
FN:55,(anonymous_5)
FNF:5
FNH:5
FNDA:3,(anonymous_1)
FNDA:3,(anonymous_2)
FNDA:2,(anonymous_3)
FNDA:2,(anonymous_4)
FNDA:2,(anonymous_5)
DA:1,1
DA:2,1
DA:3,1
DA:4,1
DA:6,1
DA:15,1
DA:19,3
DA:20,3
DA:21,0
DA:24,3
DA:26,1
DA:29,2
DA:30,2
DA:31,0
DA:34,2
DA:35,1
DA:38,1
DA:45,1
DA:54,1
DA:55,2
DA:56,2
DA:57,0
DA:60,2
DA:62,1
DA:65,1
DA:70,1
DA:71,1
LF:27
LH:24
BRDA:20,0,0,0
BRDA:20,0,1,3
BRDA:24,1,0,1
BRDA:24,1,1,2
BRDA:30,2,0,0
BRDA:30,2,1,2
BRDA:34,3,0,1
BRDA:34,3,1,1
BRDA:56,4,0,0
BRDA:56,4,1,2
BRDA:60,5,0,1
BRDA:60,5,1,1
BRF:12
BRH:9
end_of_record
